<?xml version="1.0" encoding="UTF-8"?>
<!-- Generated by org.testng.reporters.JUnitReportReporter -->
<testsuite hostname="Paramount-151" failures="0" tests="1" name="com.demo.testscripts.Tracesignuppage" time="238.357" errors="0" timestamp="15 Mar 2024 06:05:14 GMT" skipped="0">
  <testcase classname="com.demo.testscripts.Tracesignuppage" name="verifysignin" time="238.357"/>
</testsuite> <!-- com.demo.testscripts.Tracesignuppage -->
