<?xml version="1.0" encoding="UTF-8"?>
<!-- Generated by org.testng.reporters.JUnitReportReporter -->
<testsuite hostname="Paramount-151" failures="0" tests="1" name="com.demo.testscripts.Tracetestsigninpage" time="24.613" errors="0" timestamp="08 Mar 2024 12:43:50 GMT" skipped="0">
  <testcase classname="com.demo.testscripts.Tracetestsigninpage" name="verifysignin" time="24.613"/>
</testsuite> <!-- com.demo.testscripts.Tracetestsigninpage -->
