<?xml version="1.0" encoding="UTF-8"?>
<!-- Generated by org.testng.reporters.JUnitReportReporter -->
<testsuite hostname="Paramount-151" failures="0" tests="3" name="com.demo.testscripts.Tracetestlogin2" time="104.655" errors="0" timestamp="08 Mar 2024 12:43:50 GMT" skipped="0">
  <testcase classname="com.demo.testscripts.Tracetestlogin2" name="verifyLogin1" time="34.220"/>
  <testcase classname="com.demo.testscripts.Tracetestlogin2" name="verifyLogin1" time="34.574"/>
  <testcase classname="com.demo.testscripts.Tracetestlogin2" name="verifyLogin1" time="35.861"/>
</testsuite> <!-- com.demo.testscripts.Tracetestlogin2 -->
