<?xml version="1.0" encoding="UTF-8"?>
<!-- Generated by org.testng.reporters.JUnitReportReporter -->
<testsuite hostname="Paramount-151" failures="0" tests="3" name="com.demo.testscripts.TracetestScript" time="25.429" errors="0" timestamp="27 Feb 2024 12:54:23 GMT" skipped="0">
  <testcase classname="com.demo.testscripts.TracetestScript" name="verifysignin" time="1.072"/>
  <testcase classname="com.demo.testscripts.TracetestScript" name="verifyLogin" time="3.369"/>
  <testcase classname="com.demo.testscripts.TracetestScript" name="verifylogout" time="20.988"/>
</testsuite> <!-- com.demo.testscripts.TracetestScript -->
