<?xml version="1.0" encoding="UTF-8"?>
<!-- Generated by org.testng.reporters.JUnitReportReporter -->
<testsuite hostname="Paramount-151" failures="0" tests="2" name="com.demo.testscripts.Resmartscript" time="13.816" errors="0" timestamp="26 Feb 2024 13:33:32 GMT" skipped="0">
  <testcase classname="com.demo.testscripts.Resmartscript" name="verifysignin" time="1.967"/>
  <testcase classname="com.demo.testscripts.Resmartscript" name="verifyLogin" time="11.849"/>
</testsuite> <!-- com.demo.testscripts.Resmartscript -->
